<?xml version="1.0" encoding="UTF-8"?>
<testng-results skipped="0" failed="0" ignored="0" total="1" passed="1">
  <reporter-output>
  </reporter-output>
  <suite name="Default suite" duration-ms="1568" started-at="2020-09-13T07:38:56 IST" finished-at="2020-09-13T07:38:58 IST">
    <groups>
    </groups>
    <test name="Default test" duration-ms="1568" started-at="2020-09-13T07:38:56 IST" finished-at="2020-09-13T07:38:58 IST">
      <class name="advanced_payload_strategies.DynamicPayload">
        <test-method status="PASS" signature="method()[pri:0, instance:advanced_payload_strategies.DynamicPayload@26aa12dd]" name="method" duration-ms="1543" started-at="2020-09-13T07:38:56 IST" finished-at="2020-09-13T07:38:58 IST">
          <reporter-output>
          </reporter-output>
        </test-method> <!-- method -->
      </class> <!-- advanced_payload_strategies.DynamicPayload -->
    </test> <!-- Default test -->
  </suite> <!-- Default suite -->
</testng-results>
